{"/Users/wille/Desktop/projects/study_firebase_with_react/src/test/sum.ts": {"path":"/Users/wille/Desktop/projects/study_firebase_with_react/src/test/sum.ts","all":false,"statementMap":{"0":{"start":{"line":1,"column":0},"end":{"line":1,"column":44}},"1":{"start":{"line":2,"column":0},"end":{"line":2,"column":0}},"2":{"start":{"line":3,"column":0},"end":{"line":3,"column":40}}},"s":{"0":1,"1":1,"2":1},"branchMap":{"0":{"type":"branch","line":3,"loc":{"start":{"line":3,"column":24},"end":{"line":3,"column":40}},"locations":[{"start":{"line":3,"column":24},"end":{"line":3,"column":40}}]}},"b":{"0":[1]},"fnMap":{"0":{"name":"sum","decl":{"start":{"line":3,"column":24},"end":{"line":3,"column":40}},"loc":{"start":{"line":3,"column":24},"end":{"line":3,"column":40}},"line":3}},"f":{"0":1}}
}
